<?xml version="1.0" encoding="UTF-8"?>
<testsuite name="test.AppTest" tests="1" skipped="0" failures="0" errors="0" timestamp="2022-10-31T06:42:07" hostname="MacBook-Pro-3.local" time="0.015">
  <properties/>
  <testcase name="appHasAGreeting" classname="test.AppTest" time="0.015"/>
  <system-out><![CDATA[]]></system-out>
  <system-err><![CDATA[]]></system-err>
</testsuite>
